<?xml version="1.0" encoding="UTF-8"?>
<!-- Generated by org.testng.reporters.JUnitXMLReporter -->
<testsuite ignored="0" hostname="sree" failures="0" tests="6" name="Default test" time="56.042" errors="0" timestamp="2020-03-27T17:44:40 IST">
  <testcase classname="com.wipro.testcases.TC05" name="myaccount_1" time="2.879"/>
  <testcase classname="com.wipro.testcases.TC05" name="log_in" time="4.739"/>
  <testcase classname="com.wipro.testcases.TC05" name="screenshot15" time="0.421"/>
  <testcase classname="com.wipro.testcases.TC05" name="your_store" time="4.479"/>
  <testcase classname="com.wipro.testcases.TC05" name="fav_brand" time="32.578"/>
  <testcase classname="com.wipro.testcases.TC05" name="log_out3" time="6.187"/>
</testsuite> <!-- Default test -->
