<?xml version="1.0" encoding="UTF-8"?>
<testng-results ignored="0" total="6" passed="6" failed="0" skipped="0">
  <reporter-output>
  </reporter-output>
  <suite started-at="2020-03-27T17:43:43 IST" name="Default suite" finished-at="2020-03-27T17:44:39 IST" duration-ms="56042">
    <groups>
    </groups>
    <test started-at="2020-03-27T17:43:43 IST" name="Default test" finished-at="2020-03-27T17:44:39 IST" duration-ms="56042">
      <class name="com.wipro.testcases.TC05">
        <test-method is-config="true" signature="base()[pri:0, instance:com.wipro.testcases.TC05@1fe20588]" started-at="2020-03-27T17:43:29 IST" name="base" finished-at="2020-03-27T17:43:43 IST" duration-ms="13721" status="PASS">
          <reporter-output>
          </reporter-output>
        </test-method> <!-- base -->
        <test-method signature="myaccount_1()[pri:1, instance:com.wipro.testcases.TC05@1fe20588]" started-at="2020-03-27T17:43:43 IST" name="myaccount_1" finished-at="2020-03-27T17:43:46 IST" duration-ms="2879" status="PASS">
          <reporter-output>
          </reporter-output>
        </test-method> <!-- myaccount_1 -->
        <test-method signature="log_in(java.lang.String, java.lang.String)[pri:2, instance:com.wipro.testcases.TC05@1fe20588]" started-at="2020-03-27T17:43:51 IST" name="log_in" data-provider="data" finished-at="2020-03-27T17:43:55 IST" duration-ms="4739" status="PASS">
          <params>
            <param index="0">
              <value>
                <![CDATA[sreeni@gmail.com]]>
              </value>
            </param>
            <param index="1">
              <value>
                <![CDATA[admin123]]>
              </value>
            </param>
          </params>
          <reporter-output>
          </reporter-output>
        </test-method> <!-- log_in -->
        <test-method signature="screenshot15()[pri:3, instance:com.wipro.testcases.TC05@1fe20588]" started-at="2020-03-27T17:43:55 IST" name="screenshot15" finished-at="2020-03-27T17:43:56 IST" duration-ms="421" status="PASS">
          <reporter-output>
          </reporter-output>
        </test-method> <!-- screenshot15 -->
        <test-method signature="your_store()[pri:4, instance:com.wipro.testcases.TC05@1fe20588]" started-at="2020-03-27T17:43:56 IST" name="your_store" finished-at="2020-03-27T17:44:00 IST" duration-ms="4479" status="PASS">
          <reporter-output>
          </reporter-output>
        </test-method> <!-- your_store -->
        <test-method signature="fav_brand()[pri:5, instance:com.wipro.testcases.TC05@1fe20588]" started-at="2020-03-27T17:44:00 IST" name="fav_brand" finished-at="2020-03-27T17:44:33 IST" duration-ms="32578" status="PASS">
          <reporter-output>
          </reporter-output>
        </test-method> <!-- fav_brand -->
        <test-method signature="log_out3()[pri:6, instance:com.wipro.testcases.TC05@1fe20588]" started-at="2020-03-27T17:44:33 IST" name="log_out3" finished-at="2020-03-27T17:44:39 IST" duration-ms="6187" status="PASS">
          <reporter-output>
          </reporter-output>
        </test-method> <!-- log_out3 -->
      </class> <!-- com.wipro.testcases.TC05 -->
    </test> <!-- Default test -->
  </suite> <!-- Default suite -->
</testng-results>
